2019-02-25 09:46:36,470 [Worker-7] INFO  c.g.t.t.d.PublishedGradleVersions - Gradle version information cache is out-of-date. Trying to update.
2019-02-27 16:04:50,971 [Worker-136] INFO  o.e.m.c.i.l.LifecycleMappingFactory - Using org.eclipse.m2e.jdt.JarLifecycleMapping lifecycle mapping for MavenProject: com.xiaonan.learning.microserivce:movie-catalog-service:0.0.1-SNAPSHOT @ C:\dev\source\learning\movie-catalog-service\pom.xml.
2019-02-27 16:04:52,618 [Worker-136] INFO  o.e.m.c.i.l.LifecycleMappingFactory - Using org.eclipse.m2e.jdt.JarLifecycleMapping lifecycle mapping for MavenProject: com.xiaonan.learning.microserivce:movie-info-service:0.0.1-SNAPSHOT @ C:\dev\source\learning\movie-info-service\pom.xml.
2019-02-27 16:04:53,179 [Worker-136] INFO  o.e.m.c.i.l.LifecycleMappingFactory - Using org.eclipse.m2e.jdt.JarLifecycleMapping lifecycle mapping for MavenProject: com.xiaonan.learning.microserivce:rating-data-service:0.0.1-SNAPSHOT @ C:\dev\source\learning\rating-data-service\pom.xml.
2019-02-27 16:04:57,618 [Worker-136] INFO  o.e.m.j.i.AbstractJavaProjectConfigurator - Adding source folder /movie-info-service/src/main/java
2019-02-27 16:04:57,619 [Worker-136] INFO  o.e.m.j.i.AbstractJavaProjectConfigurator - Adding resource folder /movie-info-service/src/main/resources
2019-02-27 16:04:57,633 [Worker-136] INFO  o.e.m.j.i.AbstractJavaProjectConfigurator - Adding resource folder /movie-info-service/src/main/resources
2019-02-27 16:04:57,647 [Worker-136] INFO  o.e.m.j.i.AbstractJavaProjectConfigurator - Adding source folder /movie-info-service/src/test/java
2019-02-27 16:05:02,566 [Worker-136] INFO  o.e.m.j.i.AbstractJavaProjectConfigurator - Adding source folder /rating-data-service/src/main/java
2019-02-27 16:05:02,567 [Worker-136] INFO  o.e.m.j.i.AbstractJavaProjectConfigurator - Adding resource folder /rating-data-service/src/main/resources
2019-02-27 16:05:02,588 [Worker-136] INFO  o.e.m.j.i.AbstractJavaProjectConfigurator - Adding resource folder /rating-data-service/src/main/resources
2019-02-27 16:05:02,602 [Worker-136] INFO  o.e.m.j.i.AbstractJavaProjectConfigurator - Adding source folder /rating-data-service/src/test/java
2019-02-27 16:05:03,014 [Worker-136] INFO  o.e.m.j.i.AbstractJavaProjectConfigurator - Adding source folder /movie-catalog-service/src/main/java
2019-02-27 16:05:03,015 [Worker-136] INFO  o.e.m.j.i.AbstractJavaProjectConfigurator - Adding resource folder /movie-catalog-service/src/main/resources
2019-02-27 16:05:03,043 [Worker-136] INFO  o.e.m.j.i.AbstractJavaProjectConfigurator - Adding resource folder /movie-catalog-service/src/main/resources
2019-02-27 16:05:03,055 [Worker-136] INFO  o.e.m.j.i.AbstractJavaProjectConfigurator - Adding source folder /movie-catalog-service/src/test/java
2019-02-27 16:05:03,287 [Worker-136] INFO  o.e.m.c.i.p.ProjectConfigurationManager - Imported and configured 3 project(s) in 21 sec
2019-02-27 16:05:07,384 [Worker-141] INFO  o.e.m.c.i.embedder.EclipseLogger - Using 'UTF-8' encoding to copy filtered resources.
2019-02-27 16:05:07,394 [Worker-141] INFO  o.e.m.c.i.embedder.EclipseLogger - Copying 1 resource
2019-02-27 16:05:07,424 [Worker-141] INFO  o.e.m.c.i.embedder.EclipseLogger - Copying 0 resource
2019-02-27 16:05:07,428 [Worker-141] INFO  o.e.m.c.i.embedder.EclipseLogger - Using 'UTF-8' encoding to copy filtered resources.
2019-02-27 16:05:07,429 [Worker-141] INFO  o.e.m.c.i.embedder.EclipseLogger - skip non existing resourceDirectory C:\dev\source\learning\movie-catalog-service\src\test\resources
2019-02-27 16:05:08,828 [Worker-140] INFO  o.e.m.c.i.embedder.EclipseLogger - Using 'UTF-8' encoding to copy filtered resources.
2019-02-27 16:05:08,828 [Worker-140] INFO  o.e.m.c.i.embedder.EclipseLogger - Copying 1 resource
2019-02-27 16:05:08,833 [Worker-140] INFO  o.e.m.c.i.embedder.EclipseLogger - Copying 0 resource
2019-02-27 16:05:08,837 [Worker-140] INFO  o.e.m.c.i.embedder.EclipseLogger - Using 'UTF-8' encoding to copy filtered resources.
2019-02-27 16:05:08,837 [Worker-140] INFO  o.e.m.c.i.embedder.EclipseLogger - skip non existing resourceDirectory C:\dev\source\learning\movie-info-service\src\test\resources
2019-02-27 16:05:09,688 [Worker-140] INFO  o.e.m.c.i.embedder.EclipseLogger - Using 'UTF-8' encoding to copy filtered resources.
2019-02-27 16:05:09,689 [Worker-140] INFO  o.e.m.c.i.embedder.EclipseLogger - Copying 1 resource
2019-02-27 16:05:09,715 [Worker-140] INFO  o.e.m.c.i.embedder.EclipseLogger - Copying 0 resource
2019-02-27 16:05:09,719 [Worker-140] INFO  o.e.m.c.i.embedder.EclipseLogger - Using 'UTF-8' encoding to copy filtered resources.
2019-02-27 16:05:09,719 [Worker-140] INFO  o.e.m.c.i.embedder.EclipseLogger - skip non existing resourceDirectory C:\dev\source\learning\rating-data-service\src\test\resources
2019-02-27 16:08:41,664 [Worker-131] INFO  o.e.m.c.i.embedder.EclipseLogger - Using 'UTF-8' encoding to copy filtered resources.
2019-02-27 16:08:41,670 [Worker-131] INFO  o.e.m.c.i.embedder.EclipseLogger - Copying 1 resource
2019-02-27 16:08:41,680 [Worker-131] INFO  o.e.m.c.i.embedder.EclipseLogger - Copying 0 resource
2019-02-27 16:08:41,683 [Worker-131] INFO  o.e.m.c.i.embedder.EclipseLogger - Using 'UTF-8' encoding to copy filtered resources.
2019-02-27 16:08:41,683 [Worker-131] INFO  o.e.m.c.i.embedder.EclipseLogger - skip non existing resourceDirectory C:\dev\source\learning\movie-catalog-service\src\test\resources
2019-02-27 16:10:06,812 [Worker-135] INFO  o.e.m.c.i.embedder.EclipseLogger - Using 'UTF-8' encoding to copy filtered resources.
2019-02-27 16:10:06,814 [Worker-135] INFO  o.e.m.c.i.embedder.EclipseLogger - Copying 1 resource
2019-02-27 16:10:06,838 [Worker-135] INFO  o.e.m.c.i.embedder.EclipseLogger - Copying 0 resource
2019-02-27 16:10:06,844 [Worker-135] INFO  o.e.m.c.i.embedder.EclipseLogger - Using 'UTF-8' encoding to copy filtered resources.
2019-02-27 16:10:06,845 [Worker-135] INFO  o.e.m.c.i.embedder.EclipseLogger - skip non existing resourceDirectory C:\dev\source\learning\movie-catalog-service\src\test\resources
2019-02-27 16:10:33,248 [Worker-139] INFO  o.e.m.c.i.embedder.EclipseLogger - Using 'UTF-8' encoding to copy filtered resources.
2019-02-27 16:10:33,251 [Worker-139] INFO  o.e.m.c.i.embedder.EclipseLogger - Copying 1 resource
2019-02-27 16:10:33,259 [Worker-139] INFO  o.e.m.c.i.embedder.EclipseLogger - Copying 0 resource
2019-02-27 16:10:33,262 [Worker-139] INFO  o.e.m.c.i.embedder.EclipseLogger - Using 'UTF-8' encoding to copy filtered resources.
2019-02-27 16:10:33,262 [Worker-139] INFO  o.e.m.c.i.embedder.EclipseLogger - skip non existing resourceDirectory C:\dev\source\learning\movie-catalog-service\src\test\resources
2019-02-27 16:10:56,861 [Worker-135] INFO  o.e.m.c.i.embedder.EclipseLogger - Using 'UTF-8' encoding to copy filtered resources.
2019-02-27 16:10:56,863 [Worker-135] INFO  o.e.m.c.i.embedder.EclipseLogger - Copying 1 resource
2019-02-27 16:10:56,867 [Worker-135] INFO  o.e.m.c.i.embedder.EclipseLogger - Copying 0 resource
2019-02-27 16:10:56,869 [Worker-135] INFO  o.e.m.c.i.embedder.EclipseLogger - Using 'UTF-8' encoding to copy filtered resources.
2019-02-27 16:10:56,869 [Worker-135] INFO  o.e.m.c.i.embedder.EclipseLogger - skip non existing resourceDirectory C:\dev\source\learning\movie-catalog-service\src\test\resources
2019-02-27 16:12:18,009 [Worker-143] INFO  o.e.m.c.i.embedder.EclipseLogger - Using 'UTF-8' encoding to copy filtered resources.
2019-02-27 16:12:18,011 [Worker-143] INFO  o.e.m.c.i.embedder.EclipseLogger - Copying 1 resource
2019-02-27 16:12:18,018 [Worker-143] INFO  o.e.m.c.i.embedder.EclipseLogger - Copying 0 resource
2019-02-27 16:12:18,024 [Worker-143] INFO  o.e.m.c.i.embedder.EclipseLogger - Using 'UTF-8' encoding to copy filtered resources.
2019-02-27 16:12:18,024 [Worker-143] INFO  o.e.m.c.i.embedder.EclipseLogger - skip non existing resourceDirectory C:\dev\source\learning\movie-catalog-service\src\test\resources
2019-02-27 16:12:35,690 [Worker-143] INFO  o.e.m.c.i.embedder.EclipseLogger - Using 'UTF-8' encoding to copy filtered resources.
2019-02-27 16:12:35,691 [Worker-143] INFO  o.e.m.c.i.embedder.EclipseLogger - Copying 1 resource
2019-02-27 16:12:35,695 [Worker-143] INFO  o.e.m.c.i.embedder.EclipseLogger - Copying 0 resource
2019-02-27 16:12:35,697 [Worker-143] INFO  o.e.m.c.i.embedder.EclipseLogger - Using 'UTF-8' encoding to copy filtered resources.
2019-02-27 16:12:35,697 [Worker-143] INFO  o.e.m.c.i.embedder.EclipseLogger - skip non existing resourceDirectory C:\dev\source\learning\movie-catalog-service\src\test\resources
2019-02-27 16:12:46,075 [Worker-135] INFO  o.e.m.c.i.embedder.EclipseLogger - Using 'UTF-8' encoding to copy filtered resources.
2019-02-27 16:12:46,076 [Worker-135] INFO  o.e.m.c.i.embedder.EclipseLogger - Copying 1 resource
2019-02-27 16:12:46,087 [Worker-135] INFO  o.e.m.c.i.embedder.EclipseLogger - Copying 0 resource
2019-02-27 16:12:46,089 [Worker-135] INFO  o.e.m.c.i.embedder.EclipseLogger - Using 'UTF-8' encoding to copy filtered resources.
2019-02-27 16:12:46,089 [Worker-135] INFO  o.e.m.c.i.embedder.EclipseLogger - skip non existing resourceDirectory C:\dev\source\learning\movie-catalog-service\src\test\resources
2019-02-27 16:14:03,316 [Worker-143] INFO  o.e.m.c.i.embedder.EclipseLogger - Using 'UTF-8' encoding to copy filtered resources.
2019-02-27 16:14:03,317 [Worker-143] INFO  o.e.m.c.i.embedder.EclipseLogger - Copying 1 resource
2019-02-27 16:14:03,321 [Worker-143] INFO  o.e.m.c.i.embedder.EclipseLogger - Copying 0 resource
2019-02-27 16:14:03,324 [Worker-143] INFO  o.e.m.c.i.embedder.EclipseLogger - Using 'UTF-8' encoding to copy filtered resources.
2019-02-27 16:14:03,324 [Worker-143] INFO  o.e.m.c.i.embedder.EclipseLogger - skip non existing resourceDirectory C:\dev\source\learning\movie-catalog-service\src\test\resources
2019-02-27 16:15:30,016 [Worker-141] INFO  o.e.m.c.i.embedder.EclipseLogger - Using 'UTF-8' encoding to copy filtered resources.
2019-02-27 16:15:30,018 [Worker-141] INFO  o.e.m.c.i.embedder.EclipseLogger - Copying 1 resource
2019-02-27 16:15:30,031 [Worker-141] INFO  o.e.m.c.i.embedder.EclipseLogger - Copying 0 resource
2019-02-27 16:15:30,034 [Worker-141] INFO  o.e.m.c.i.embedder.EclipseLogger - Using 'UTF-8' encoding to copy filtered resources.
2019-02-27 16:15:30,034 [Worker-141] INFO  o.e.m.c.i.embedder.EclipseLogger - skip non existing resourceDirectory C:\dev\source\learning\movie-info-service\src\test\resources
2019-02-27 16:16:22,865 [Worker-141] INFO  o.e.m.c.i.embedder.EclipseLogger - Using 'UTF-8' encoding to copy filtered resources.
2019-02-27 16:16:22,866 [Worker-141] INFO  o.e.m.c.i.embedder.EclipseLogger - Copying 1 resource
2019-02-27 16:16:22,874 [Worker-141] INFO  o.e.m.c.i.embedder.EclipseLogger - Copying 0 resource
2019-02-27 16:16:22,876 [Worker-141] INFO  o.e.m.c.i.embedder.EclipseLogger - Using 'UTF-8' encoding to copy filtered resources.
2019-02-27 16:16:22,876 [Worker-141] INFO  o.e.m.c.i.embedder.EclipseLogger - skip non existing resourceDirectory C:\dev\source\learning\movie-info-service\src\test\resources
2019-02-27 16:16:48,619 [Worker-141] INFO  o.e.m.c.i.embedder.EclipseLogger - Using 'UTF-8' encoding to copy filtered resources.
2019-02-27 16:16:48,621 [Worker-141] INFO  o.e.m.c.i.embedder.EclipseLogger - Copying 1 resource
2019-02-27 16:16:48,632 [Worker-141] INFO  o.e.m.c.i.embedder.EclipseLogger - Copying 0 resource
2019-02-27 16:16:48,635 [Worker-141] INFO  o.e.m.c.i.embedder.EclipseLogger - Using 'UTF-8' encoding to copy filtered resources.
2019-02-27 16:16:48,635 [Worker-141] INFO  o.e.m.c.i.embedder.EclipseLogger - skip non existing resourceDirectory C:\dev\source\learning\movie-info-service\src\test\resources
2019-02-27 16:17:56,914 [Worker-144] INFO  o.e.m.c.i.embedder.EclipseLogger - Using 'UTF-8' encoding to copy filtered resources.
2019-02-27 16:17:56,916 [Worker-144] INFO  o.e.m.c.i.embedder.EclipseLogger - Copying 1 resource
2019-02-27 16:17:56,920 [Worker-144] INFO  o.e.m.c.i.embedder.EclipseLogger - Copying 0 resource
2019-02-27 16:17:56,922 [Worker-144] INFO  o.e.m.c.i.embedder.EclipseLogger - Using 'UTF-8' encoding to copy filtered resources.
2019-02-27 16:17:56,922 [Worker-144] INFO  o.e.m.c.i.embedder.EclipseLogger - skip non existing resourceDirectory C:\dev\source\learning\movie-info-service\src\test\resources
2019-02-27 16:19:00,616 [Worker-142] INFO  o.e.m.c.i.embedder.EclipseLogger - Using 'UTF-8' encoding to copy filtered resources.
2019-02-27 16:19:00,617 [Worker-142] INFO  o.e.m.c.i.embedder.EclipseLogger - Copying 1 resource
2019-02-27 16:19:00,624 [Worker-142] INFO  o.e.m.c.i.embedder.EclipseLogger - Copying 0 resource
2019-02-27 16:19:00,628 [Worker-142] INFO  o.e.m.c.i.embedder.EclipseLogger - Using 'UTF-8' encoding to copy filtered resources.
2019-02-27 16:19:00,629 [Worker-142] INFO  o.e.m.c.i.embedder.EclipseLogger - skip non existing resourceDirectory C:\dev\source\learning\movie-info-service\src\test\resources
2019-02-27 16:19:21,272 [Worker-142] INFO  o.e.m.c.i.embedder.EclipseLogger - Using 'UTF-8' encoding to copy filtered resources.
2019-02-27 16:19:21,275 [Worker-142] INFO  o.e.m.c.i.embedder.EclipseLogger - Copying 1 resource
2019-02-27 16:19:21,280 [Worker-142] INFO  o.e.m.c.i.embedder.EclipseLogger - Copying 0 resource
2019-02-27 16:19:21,286 [Worker-142] INFO  o.e.m.c.i.embedder.EclipseLogger - Using 'UTF-8' encoding to copy filtered resources.
2019-02-27 16:19:21,286 [Worker-142] INFO  o.e.m.c.i.embedder.EclipseLogger - skip non existing resourceDirectory C:\dev\source\learning\movie-info-service\src\test\resources
2019-02-27 16:27:52,048 [Worker-131] INFO  o.e.m.c.i.embedder.EclipseLogger - Using 'UTF-8' encoding to copy filtered resources.
2019-02-27 16:27:52,049 [Worker-131] INFO  o.e.m.c.i.embedder.EclipseLogger - Copying 1 resource
2019-02-27 16:27:52,054 [Worker-131] INFO  o.e.m.c.i.embedder.EclipseLogger - Copying 0 resource
2019-02-27 16:27:52,056 [Worker-131] INFO  o.e.m.c.i.embedder.EclipseLogger - Using 'UTF-8' encoding to copy filtered resources.
2019-02-27 16:27:52,056 [Worker-131] INFO  o.e.m.c.i.embedder.EclipseLogger - skip non existing resourceDirectory C:\dev\source\learning\movie-info-service\src\test\resources
2019-02-27 16:28:40,310 [Worker-148] INFO  o.e.m.c.i.embedder.EclipseLogger - Using 'UTF-8' encoding to copy filtered resources.
2019-02-27 16:28:40,312 [Worker-148] INFO  o.e.m.c.i.embedder.EclipseLogger - Copying 1 resource
2019-02-27 16:28:40,325 [Worker-148] INFO  o.e.m.c.i.embedder.EclipseLogger - Copying 0 resource
2019-02-27 16:28:40,328 [Worker-148] INFO  o.e.m.c.i.embedder.EclipseLogger - Using 'UTF-8' encoding to copy filtered resources.
2019-02-27 16:28:40,328 [Worker-148] INFO  o.e.m.c.i.embedder.EclipseLogger - skip non existing resourceDirectory C:\dev\source\learning\movie-info-service\src\test\resources
2019-02-27 16:30:00,600 [Worker-147] INFO  o.e.m.c.i.embedder.EclipseLogger - Using 'UTF-8' encoding to copy filtered resources.
2019-02-27 16:30:00,601 [Worker-147] INFO  o.e.m.c.i.embedder.EclipseLogger - Copying 1 resource
2019-02-27 16:30:00,605 [Worker-147] INFO  o.e.m.c.i.embedder.EclipseLogger - Copying 0 resource
2019-02-27 16:30:00,608 [Worker-147] INFO  o.e.m.c.i.embedder.EclipseLogger - Using 'UTF-8' encoding to copy filtered resources.
2019-02-27 16:30:00,608 [Worker-147] INFO  o.e.m.c.i.embedder.EclipseLogger - skip non existing resourceDirectory C:\dev\source\learning\movie-catalog-service\src\test\resources
2019-02-27 16:30:05,589 [Worker-148] INFO  o.e.m.c.i.embedder.EclipseLogger - Using 'UTF-8' encoding to copy filtered resources.
2019-02-27 16:30:05,590 [Worker-148] INFO  o.e.m.c.i.embedder.EclipseLogger - Copying 1 resource
2019-02-27 16:30:05,596 [Worker-148] INFO  o.e.m.c.i.embedder.EclipseLogger - Copying 0 resource
2019-02-27 16:30:05,599 [Worker-148] INFO  o.e.m.c.i.embedder.EclipseLogger - Using 'UTF-8' encoding to copy filtered resources.
2019-02-27 16:30:05,599 [Worker-148] INFO  o.e.m.c.i.embedder.EclipseLogger - skip non existing resourceDirectory C:\dev\source\learning\movie-catalog-service\src\test\resources
2019-02-27 16:30:15,446 [Worker-135] INFO  o.e.m.c.i.embedder.EclipseLogger - Using 'UTF-8' encoding to copy filtered resources.
2019-02-27 16:30:15,446 [Worker-135] INFO  o.e.m.c.i.embedder.EclipseLogger - Copying 1 resource
2019-02-27 16:30:15,452 [Worker-135] INFO  o.e.m.c.i.embedder.EclipseLogger - Copying 0 resource
2019-02-27 16:30:15,458 [Worker-135] INFO  o.e.m.c.i.embedder.EclipseLogger - Using 'UTF-8' encoding to copy filtered resources.
2019-02-27 16:30:15,459 [Worker-135] INFO  o.e.m.c.i.embedder.EclipseLogger - skip non existing resourceDirectory C:\dev\source\learning\movie-info-service\src\test\resources
2019-02-27 16:30:30,610 [Worker-148] INFO  o.e.m.c.i.embedder.EclipseLogger - Using 'UTF-8' encoding to copy filtered resources.
2019-02-27 16:30:30,611 [Worker-148] INFO  o.e.m.c.i.embedder.EclipseLogger - Copying 1 resource
2019-02-27 16:30:30,617 [Worker-148] INFO  o.e.m.c.i.embedder.EclipseLogger - Copying 0 resource
2019-02-27 16:30:30,619 [Worker-148] INFO  o.e.m.c.i.embedder.EclipseLogger - Using 'UTF-8' encoding to copy filtered resources.
2019-02-27 16:30:30,619 [Worker-148] INFO  o.e.m.c.i.embedder.EclipseLogger - skip non existing resourceDirectory C:\dev\source\learning\rating-data-service\src\test\resources
2019-02-27 16:31:01,270 [Worker-135] INFO  o.e.m.c.i.embedder.EclipseLogger - Using 'UTF-8' encoding to copy filtered resources.
2019-02-27 16:31:01,272 [Worker-135] INFO  o.e.m.c.i.embedder.EclipseLogger - Copying 1 resource
2019-02-27 16:31:01,279 [Worker-135] INFO  o.e.m.c.i.embedder.EclipseLogger - Copying 0 resource
2019-02-27 16:31:01,282 [Worker-135] INFO  o.e.m.c.i.embedder.EclipseLogger - Using 'UTF-8' encoding to copy filtered resources.
2019-02-27 16:31:01,282 [Worker-135] INFO  o.e.m.c.i.embedder.EclipseLogger - skip non existing resourceDirectory C:\dev\source\learning\rating-data-service\src\test\resources
2019-02-27 16:31:51,655 [Worker-149] INFO  o.e.m.c.i.embedder.EclipseLogger - Using 'UTF-8' encoding to copy filtered resources.
2019-02-27 16:31:51,656 [Worker-149] INFO  o.e.m.c.i.embedder.EclipseLogger - Copying 1 resource
2019-02-27 16:31:51,661 [Worker-149] INFO  o.e.m.c.i.embedder.EclipseLogger - Copying 0 resource
2019-02-27 16:31:51,663 [Worker-149] INFO  o.e.m.c.i.embedder.EclipseLogger - Using 'UTF-8' encoding to copy filtered resources.
2019-02-27 16:31:51,664 [Worker-149] INFO  o.e.m.c.i.embedder.EclipseLogger - skip non existing resourceDirectory C:\dev\source\learning\rating-data-service\src\test\resources
2019-02-27 16:31:58,753 [Worker-131] INFO  o.e.m.c.i.embedder.EclipseLogger - Using 'UTF-8' encoding to copy filtered resources.
2019-02-27 16:31:58,754 [Worker-131] INFO  o.e.m.c.i.embedder.EclipseLogger - Copying 1 resource
2019-02-27 16:31:58,759 [Worker-131] INFO  o.e.m.c.i.embedder.EclipseLogger - Copying 0 resource
2019-02-27 16:31:58,761 [Worker-131] INFO  o.e.m.c.i.embedder.EclipseLogger - Using 'UTF-8' encoding to copy filtered resources.
2019-02-27 16:31:58,762 [Worker-131] INFO  o.e.m.c.i.embedder.EclipseLogger - skip non existing resourceDirectory C:\dev\source\learning\rating-data-service\src\test\resources
2019-02-27 16:32:36,378 [Worker-135] INFO  o.e.m.c.i.embedder.EclipseLogger - Using 'UTF-8' encoding to copy filtered resources.
2019-02-27 16:32:36,379 [Worker-135] INFO  o.e.m.c.i.embedder.EclipseLogger - Copying 1 resource
2019-02-27 16:32:36,384 [Worker-135] INFO  o.e.m.c.i.embedder.EclipseLogger - Copying 0 resource
2019-02-27 16:32:36,386 [Worker-135] INFO  o.e.m.c.i.embedder.EclipseLogger - Using 'UTF-8' encoding to copy filtered resources.
2019-02-27 16:32:36,386 [Worker-135] INFO  o.e.m.c.i.embedder.EclipseLogger - skip non existing resourceDirectory C:\dev\source\learning\rating-data-service\src\test\resources
2019-02-27 16:33:59,366 [Worker-135] INFO  o.e.m.c.i.embedder.EclipseLogger - Using 'UTF-8' encoding to copy filtered resources.
2019-02-27 16:33:59,367 [Worker-135] INFO  o.e.m.c.i.embedder.EclipseLogger - Copying 1 resource
2019-02-27 16:33:59,373 [Worker-135] INFO  o.e.m.c.i.embedder.EclipseLogger - Copying 0 resource
2019-02-27 16:33:59,376 [Worker-135] INFO  o.e.m.c.i.embedder.EclipseLogger - Using 'UTF-8' encoding to copy filtered resources.
2019-02-27 16:33:59,377 [Worker-135] INFO  o.e.m.c.i.embedder.EclipseLogger - skip non existing resourceDirectory C:\dev\source\learning\rating-data-service\src\test\resources
2019-02-27 16:34:14,404 [Worker-145] INFO  o.e.m.c.i.embedder.EclipseLogger - Using 'UTF-8' encoding to copy filtered resources.
2019-02-27 16:34:14,406 [Worker-145] INFO  o.e.m.c.i.embedder.EclipseLogger - Copying 1 resource
2019-02-27 16:34:14,417 [Worker-145] INFO  o.e.m.c.i.embedder.EclipseLogger - Copying 0 resource
2019-02-27 16:34:14,420 [Worker-145] INFO  o.e.m.c.i.embedder.EclipseLogger - Using 'UTF-8' encoding to copy filtered resources.
2019-02-27 16:34:14,420 [Worker-145] INFO  o.e.m.c.i.embedder.EclipseLogger - skip non existing resourceDirectory C:\dev\source\learning\rating-data-service\src\test\resources
2019-02-27 16:40:41,647 [Worker-131] INFO  o.e.m.c.i.embedder.EclipseLogger - Using 'UTF-8' encoding to copy filtered resources.
2019-02-27 16:40:41,648 [Worker-131] INFO  o.e.m.c.i.embedder.EclipseLogger - Copying 1 resource
2019-02-27 16:40:41,657 [Worker-131] INFO  o.e.m.c.i.embedder.EclipseLogger - Copying 0 resource
2019-02-27 16:40:41,659 [Worker-131] INFO  o.e.m.c.i.embedder.EclipseLogger - Using 'UTF-8' encoding to copy filtered resources.
2019-02-27 16:40:41,660 [Worker-131] INFO  o.e.m.c.i.embedder.EclipseLogger - skip non existing resourceDirectory C:\dev\source\learning\movie-catalog-service\src\test\resources
2019-02-27 16:45:59,807 [Worker-152] INFO  o.e.m.c.i.embedder.EclipseLogger - Using 'UTF-8' encoding to copy filtered resources.
2019-02-27 16:45:59,808 [Worker-152] INFO  o.e.m.c.i.embedder.EclipseLogger - Copying 1 resource
2019-02-27 16:45:59,821 [Worker-152] INFO  o.e.m.c.i.embedder.EclipseLogger - Copying 0 resource
2019-02-27 16:45:59,824 [Worker-152] INFO  o.e.m.c.i.embedder.EclipseLogger - Using 'UTF-8' encoding to copy filtered resources.
2019-02-27 16:45:59,824 [Worker-152] INFO  o.e.m.c.i.embedder.EclipseLogger - skip non existing resourceDirectory C:\dev\source\learning\movie-catalog-service\src\test\resources
2019-02-27 16:49:04,497 [Worker-153] INFO  o.e.m.c.i.embedder.EclipseLogger - Using 'UTF-8' encoding to copy filtered resources.
2019-02-27 16:49:04,498 [Worker-153] INFO  o.e.m.c.i.embedder.EclipseLogger - Copying 1 resource
2019-02-27 16:49:04,503 [Worker-153] INFO  o.e.m.c.i.embedder.EclipseLogger - Copying 0 resource
2019-02-27 16:49:04,505 [Worker-153] INFO  o.e.m.c.i.embedder.EclipseLogger - Using 'UTF-8' encoding to copy filtered resources.
2019-02-27 16:49:04,506 [Worker-153] INFO  o.e.m.c.i.embedder.EclipseLogger - skip non existing resourceDirectory C:\dev\source\learning\movie-catalog-service\src\test\resources
2019-02-27 16:50:24,125 [Worker-152] INFO  o.e.m.c.i.embedder.EclipseLogger - Using 'UTF-8' encoding to copy filtered resources.
2019-02-27 16:50:24,127 [Worker-152] INFO  o.e.m.c.i.embedder.EclipseLogger - Copying 1 resource
2019-02-27 16:50:24,131 [Worker-152] INFO  o.e.m.c.i.embedder.EclipseLogger - Copying 0 resource
2019-02-27 16:50:24,133 [Worker-152] INFO  o.e.m.c.i.embedder.EclipseLogger - Using 'UTF-8' encoding to copy filtered resources.
2019-02-27 16:50:24,133 [Worker-152] INFO  o.e.m.c.i.embedder.EclipseLogger - skip non existing resourceDirectory C:\dev\source\learning\movie-catalog-service\src\test\resources
2019-02-27 16:52:21,641 [Worker-155] INFO  o.e.m.c.i.embedder.EclipseLogger - Using 'UTF-8' encoding to copy filtered resources.
2019-02-27 16:52:21,642 [Worker-155] INFO  o.e.m.c.i.embedder.EclipseLogger - Copying 1 resource
2019-02-27 16:52:21,647 [Worker-155] INFO  o.e.m.c.i.embedder.EclipseLogger - Copying 0 resource
2019-02-27 16:52:21,650 [Worker-155] INFO  o.e.m.c.i.embedder.EclipseLogger - Using 'UTF-8' encoding to copy filtered resources.
2019-02-27 16:52:21,650 [Worker-155] INFO  o.e.m.c.i.embedder.EclipseLogger - skip non existing resourceDirectory C:\dev\source\learning\movie-catalog-service\src\test\resources
2019-02-27 16:52:36,265 [Worker-157] INFO  o.e.m.c.i.embedder.EclipseLogger - Using 'UTF-8' encoding to copy filtered resources.
2019-02-27 16:52:36,266 [Worker-157] INFO  o.e.m.c.i.embedder.EclipseLogger - Copying 1 resource
2019-02-27 16:52:36,270 [Worker-157] INFO  o.e.m.c.i.embedder.EclipseLogger - Copying 0 resource
2019-02-27 16:52:36,276 [Worker-157] INFO  o.e.m.c.i.embedder.EclipseLogger - Using 'UTF-8' encoding to copy filtered resources.
2019-02-27 16:52:36,276 [Worker-157] INFO  o.e.m.c.i.embedder.EclipseLogger - skip non existing resourceDirectory C:\dev\source\learning\movie-catalog-service\src\test\resources
2019-02-27 16:56:57,261 [Worker-135] INFO  o.e.m.c.i.embedder.EclipseLogger - Using 'UTF-8' encoding to copy filtered resources.
2019-02-27 16:56:57,262 [Worker-135] INFO  o.e.m.c.i.embedder.EclipseLogger - Copying 1 resource
2019-02-27 16:56:57,268 [Worker-135] INFO  o.e.m.c.i.embedder.EclipseLogger - Copying 0 resource
2019-02-27 16:56:57,270 [Worker-135] INFO  o.e.m.c.i.embedder.EclipseLogger - Using 'UTF-8' encoding to copy filtered resources.
2019-02-27 16:56:57,270 [Worker-135] INFO  o.e.m.c.i.embedder.EclipseLogger - skip non existing resourceDirectory C:\dev\source\learning\movie-catalog-service\src\test\resources
2019-02-27 16:57:34,836 [Worker-157] INFO  o.e.m.c.i.embedder.EclipseLogger - Using 'UTF-8' encoding to copy filtered resources.
2019-02-27 16:57:34,837 [Worker-157] INFO  o.e.m.c.i.embedder.EclipseLogger - Copying 1 resource
2019-02-27 16:57:34,843 [Worker-157] INFO  o.e.m.c.i.embedder.EclipseLogger - Copying 0 resource
2019-02-27 16:57:34,846 [Worker-157] INFO  o.e.m.c.i.embedder.EclipseLogger - Using 'UTF-8' encoding to copy filtered resources.
2019-02-27 16:57:34,846 [Worker-157] INFO  o.e.m.c.i.embedder.EclipseLogger - skip non existing resourceDirectory C:\dev\source\learning\movie-catalog-service\src\test\resources
